
> travelpro@0.1.0 download:images
> npx tsx scripts/download-city-images.ts

Found 646 cities in database.
Manifest has 49 existing entries.
597 cities need images. Starting download...

  [50/646] Downloaded th/koh-samui.webp (by Frugal Flyer)

  Rate limit hit! Saving manifest and waiting...

  Waiting 62 minutes for rate limit reset...
  Will resume at 16:58:19.
  (Safe to Ctrl+C — progress is saved. Re-run to continue.)

  Rate limit window reset. Continuing...

  [51/646] Downloaded th/chiang-rai.webp (by Lauren Kay)
  [52/646] Downloaded th/pattaya.webp (by Robert Eklund)
  [53/646] Downloaded th/koh-phangan.webp (by Robert Eklund)
  [54/646] Downloaded th/pai.webp (by Noppon Meenuch)
  [55/646] Downloaded th/ayutthaya.webp (by Mil Amirian)
  [56/646] Downloaded vn/hanoi.webp (by JM Eserjose)
  [57/646] Downloaded vn/ho-chi-minh-city.webp (by Polina Rytova)
  [58/646] Downloaded vn/da-nang.webp (by Dylan Lu)
  [59/646] Downloaded vn/hoi-an.webp (by Khoi Tran)
  [60/646] Downloaded vn/hue.webp (by JJunie L)
  [61/646] Downloaded vn/nha-trang.webp (by Sergey Sukhov)
  [62/646] Downloaded vn/phu-quoc.webp (by Vivu Vietnam)
  [63/646] Downloaded vn/sa-pa.webp (by Vivu Vietnam)
  [64/646] Downloaded vn/ha-long-bay.webp (by Maya Bialik)
  [65/646] Downloaded vn/dalat.webp (by Thuy Nguyen)
  [66/646] Downloaded id/bali.webp (by Iqbal Alfaa)
  [67/646] Downloaded id/jakarta.webp (by Indira Tjokorda)
  [68/646] Downloaded id/yogyakarta.webp (by Bayu Syaits)
  [69/646] Downloaded id/lombok.webp (by Andrea Huls Pareja)
  [70/646] Downloaded id/komodo.webp (by Thomas Gabernig)
  [71/646] Downloaded id/bandung.webp (by Hanny Naibaho)
  [72/646] Downloaded id/surabaya.webp (by Ammar Andiko)
  [73/646] Downloaded id/raja-ampat.webp (by sutirta budiman)
  [74/646] Downloaded sg/singapore.webp (by Allen Leigh)
  [75/646] Downloaded my/kuala-lumpur.webp (by Chander Mohan)
  [76/646] Downloaded my/penang.webp (by Poh Wei Chuen)
  [77/646] Downloaded my/langkawi.webp (by Niels Baars)
  [78/646] Downloaded my/malacca.webp (by Alicja Ziajowska)
  [79/646] Downloaded my/kota-kinabalu.webp (by You Le)
  [80/646] Downloaded my/ipoh.webp (by Raissa Lara Lütolf (-Fasel))
  [81/646] Downloaded my/kuching.webp (by alea Film)
  [82/646] Downloaded ph/manila.webp (by Mary Rose Relente)
  [83/646] Downloaded ph/cebu.webp (by Wilfriend Royce Quiras)
  [84/646] Downloaded ph/palawan.webp (by Ehmir Bautista)
  [85/646] Downloaded ph/boracay.webp (by Keramot UL Islam)
  [86/646] Downloaded ph/siargao.webp (by ALEX REISS)
  [87/646] Downloaded ph/bohol.webp (by Bryan Agua)
  [88/646] No results for "Davao", trying country fallback...
  [88/646] Downloaded ph/davao.webp (by Jaanus Jagomägi)
  [89/646] Downloaded kh/siem-reap.webp (by Matt Bryson)
  [90/646] Downloaded kh/phnom-penh.webp (by René DeAnda)
  [91/646] Downloaded kh/sihanoukville.webp (by Panha Kang)
  [92/646] Downloaded la/luang-prabang.webp (by sumamarn anannab)
  [93/646] Downloaded la/vientiane.webp (by Adrian Fleur)
  [94/646] Downloaded la/vang-vieng.webp (by Boudewijn Huysmans)
  [95/646] Downloaded mm/yangon.webp (by Laurentiu Morariu)
  [96/646] Downloaded mm/bagan.webp (by Ash Hayes)
  [97/646] Downloaded mm/mandalay.webp (by Mike Swigunski)
  [98/646] Downloaded mm/inle-lake.webp (by Michael Pfister)

  Batch 2 complete (49 requests).
  Manifest saved (98 entries).

  Waiting 62 minutes for rate limit reset...
  Will resume at 18:00:37.
  (Safe to Ctrl+C — progress is saved. Re-run to continue.)

  Rate limit window reset. Continuing...

  [99/646] Downloaded bn/bandar-seri-begawan.webp (by Merah Lee)
  [100/646] Downloaded tl/dili.webp (by Tanushree Rao)
  [101/646] Downloaded in/mumbai.webp (by Prerna Rajkumar)
  [102/646] Downloaded in/delhi.webp (by Rachita Saxena)
  [103/646] Downloaded in/jaipur.webp (by Vidit Goswami)
  [104/646] Downloaded in/goa.webp (by Jess Aston)
  [105/646] Downloaded in/bangalore.webp (by Nithin Purple)
  [106/646] Downloaded in/kolkata.webp (by Laurentiu Morariu)
  [107/646] Downloaded in/varanasi.webp (by Matteo Giovanardi)
  [108/646] Downloaded in/agra.webp (by Deepak Gupta)
  [109/646] Downloaded in/kerala.webp (by Denil Dominic)
  [110/646] Downloaded in/udaipur.webp (by Lewis J Goetz)
  [111/646] Downloaded in/jodhpur.webp (by Andrey Zvyagintsev)
  [112/646] Downloaded in/hyderabad.webp (by Snehal Krishna)
  [113/646] Downloaded in/chennai.webp (by Partha Narasimhan)
  [114/646] Downloaded in/amritsar.webp (by Dj Navi)
  [115/646] Downloaded in/rishikesh.webp (by Yash Bhagat)
  [116/646] Downloaded in/jaisalmer.webp (by Rashi Jain)
  [117/646] Downloaded in/darjeeling.webp (by Debasish Soren)
  [118/646] Downloaded in/pune.webp (by Sadiq Sonalkar)
  [119/646] Downloaded in/ahmedabad.webp (by Aby Zachariah)
  [120/646] Downloaded in/shimla.webp (by Payal Badhran)
  [121/646] Downloaded in/leh.webp (by Ravi Hooda)
  [122/646] Downloaded np/kathmandu.webp (by Anja Lee Ming Becker)
  [123/646] Downloaded np/pokhara.webp (by Shreyashka Maharjan)
  [124/646] Downloaded np/chitwan.webp (by Shreyashka Maharjan)
  [125/646] Downloaded bt/thimphu.webp (by Truly Bhutan)
  [126/646] Downloaded bt/paro.webp (by Unma Desai)
  [127/646] Downloaded lk/colombo.webp (by Ishan Kahapola Arachchi)
  [128/646] Downloaded lk/kandy.webp (by Pradeep Gopal)
  [129/646] Downloaded lk/galle.webp (by Maria Baranova)
  [130/646] Downloaded lk/ella.webp (by Vlada)
  [131/646] Downloaded lk/sigiriya.webp (by sander traa)
  [132/646] Downloaded mv/maldives.webp (by Nabit Photos)
  [133/646] Downloaded bd/dhaka.webp (by Austin Curtis)
  [134/646] Downloaded bd/cox-s-bazar.webp (by Jahidul Islam)
  [135/646] Downloaded pk/islamabad.webp (by Sajid Khan)
  [136/646] Downloaded pk/lahore.webp (by BLOG REGION)
  [137/646] Downloaded pk/karachi.webp (by Muneeb Ul Hassan Khan)
  [138/646] Downloaded uz/tashkent.webp (by Sergio Capuzzimati)
  [139/646] Downloaded uz/samarkand.webp (by Alessio Roversi)
  [140/646] Downloaded uz/bukhara.webp (by Evgeny Matveev)
  [141/646] Downloaded kz/almaty.webp (by yyzvic)
  [142/646] Downloaded kz/astana.webp (by simon sun)
  [143/646] Downloaded kg/bishkek.webp (by Seval Torun)
  [144/646] Downloaded tj/dushanbe.webp (by Dilshod Hojiboev)
  [145/646] Downloaded tm/ashgabat.webp (by Nikolai Kolosov)
  [146/646] Downloaded fr/paris.webp (by Flora Orosz)
  [147/646] Downloaded fr/nice.webp (by Danilo Pantalena)

  Batch 3 complete (49 requests).
  Manifest saved (147 entries).

  Waiting 62 minutes for rate limit reset...
  Will resume at 19:02:56.
  (Safe to Ctrl+C — progress is saved. Re-run to continue.)

  Rate limit window reset. Continuing...

  [148/646] Downloaded fr/lyon.webp (by Andreea V)
  [149/646] Downloaded fr/marseille.webp (by Flori Braunhofer)
  [150/646] Downloaded fr/bordeaux.webp (by paola capelletto)
  [151/646] Downloaded fr/strasbourg.webp (by chan lee)
  [152/646] Downloaded fr/toulouse.webp (by Henrique Ferreira)
  [153/646] Downloaded fr/montpellier.webp (by Leon Pauleikhoff)
  [154/646] Downloaded fr/cannes.webp (by Diane Picchiottino)
  [155/646] Downloaded fr/avignon.webp (by Bruce van Zyl)
  [156/646] Downloaded fr/lille.webp (by Pourya Gohari)
  [157/646] Downloaded fr/nantes.webp (by Pascal Bernardon)
  [158/646] Downloaded fr/colmar.webp (by Thu Ba To)
  [159/646] Downloaded fr/annecy.webp (by Meizhi Lang)
  [160/646] Downloaded es/barcelona.webp (by Ansar Naib)
  [161/646] Downloaded es/madrid.webp (by Abbie Bernet)
  [162/646] Downloaded es/seville.webp (by Alex)
  [163/646] Downloaded es/malaga.webp (by Kristina Bekher)
  [164/646] Downloaded es/valencia.webp (by Rob Wilson)
  [165/646] Downloaded es/granada.webp (by Alex)
  [166/646] Downloaded es/san-sebastian.webp (by Kylie Paz)
  [167/646] Downloaded es/ibiza.webp (by Belinda Fewings)
  [168/646] Downloaded es/palma-de-mallorca.webp (by Austin Farrington)
  [169/646] Downloaded es/bilbao.webp (by Eduardo Kenji Amorim)
  [170/646] Downloaded es/toledo.webp (by Emmanuel Acua)
  [171/646] Downloaded es/cordoba.webp (by Alex)
  [172/646] Downloaded es/tenerife.webp (by Iulia Laslea)
  [173/646] Downloaded es/las-palmas.webp (by Dhiemas Afif Febriyan)
  [174/646] Downloaded es/salamanca.webp (by Manuel López)
  [175/646] Downloaded es/santiago-de-compostela.webp (by Eric Prouzet)
  [176/646] Downloaded it/rome.webp (by Panagiotis Falcos)
  [177/646] Downloaded it/florence.webp (by Dmytro Vynohradov)
  [178/646] Downloaded it/venice.webp (by Damini)
  [179/646] Downloaded it/milan.webp (by Joshi Milestoner)
  [180/646] Downloaded it/amalfi-coast.webp (by Mihaela Claudia Puscas)
  [181/646] Downloaded it/naples.webp (by Vytenis Malisauskas)
  [182/646] Downloaded it/cinque-terre.webp (by Erin Maturo)
  [183/646] Downloaded it/bologna.webp (by Dan Rooney)
  [184/646] Downloaded it/sicily.webp (by Alexandra Smielova)
  [185/646] Downloaded it/turin.webp (by Grigorii Shcheglov)
  [186/646] Downloaded it/verona.webp (by João Rodrigues)
  [187/646] Downloaded it/sardinia.webp (by Mateusz Sopor)
  [188/646] Downloaded it/lake-como.webp (by Jane Morris)
  [189/646] Downloaded it/pisa.webp (by Emin Huric)
  [190/646] Downloaded it/siena.webp (by Luca Florio)
  [191/646] Downloaded it/genoa.webp (by Belinda Fewings)
  [192/646] Downloaded it/lecce.webp (by Sebastiano Piazzi)
  [193/646] Downloaded it/palermo.webp (by Meizhi Lang)
  [194/646] Downloaded gb/london.webp (by Fabian Centeno)
  [195/646] Downloaded gb/edinburgh.webp (by Ege Güngör)
  [196/646] Downloaded gb/manchester.webp (by Samuel Foster)

  Batch 4 complete (49 requests).
  Manifest saved (196 entries).

  Waiting 62 minutes for rate limit reset...
  Will resume at 20:08:55.
  (Safe to Ctrl+C — progress is saved. Re-run to continue.)

  Rate limit window reset. Continuing...

  [197/646] Downloaded gb/bath.webp (by Mia Truong)
  [198/646] Downloaded gb/liverpool.webp (by Lāsma Artmane)
  [199/646] Downloaded gb/oxford.webp (by Ebun Oluwole)
  [200/646] Downloaded gb/cambridge.webp (by Victoria Heath)
  [201/646] Downloaded gb/york.webp (by Chun Chen)
  [202/646] Downloaded gb/glasgow.webp (by Kae Anderson)
  [203/646] Downloaded gb/bristol.webp (by Ebun Oluwole)
  [204/646] Downloaded gb/belfast.webp (by Nils Nedel)
  [205/646] Downloaded gb/cardiff.webp (by Kae Anderson)
  [206/646] Downloaded gb/inverness.webp (by René Riegal)
  [207/646] Downloaded gb/brighton.webp (by Alan Ko)
  [208/646] Downloaded de/berlin.webp (by Zalfa Imani)
  [209/646] Downloaded de/munich.webp (by Duncan Smith)
  [210/646] Downloaded de/hamburg.webp (by Mihail Cioinica)
  [211/646] Downloaded de/frankfurt.webp (by Taso Katsionis)
  [212/646] Downloaded de/cologne.webp (by Jett Pongsakon)
  [213/646] Downloaded de/dresden.webp (by Nodir Khalilov)
  [214/646] Downloaded de/dusseldorf.webp (by Kankan)
  [215/646] Downloaded de/stuttgart.webp (by Ragib Huda)
  [216/646] Downloaded de/heidelberg.webp (by Lāsma Artmane)
  [217/646] Downloaded de/nuremberg.webp (by Rachel Ellis)
  [218/646] Downloaded de/leipzig.webp (by Anna Blake)
  [219/646] Downloaded de/freiburg.webp (by Kankan)
  [220/646] Downloaded nl/amsterdam.webp (by Red Morley Hewitt)
  [221/646] Downloaded nl/rotterdam.webp (by Ivan Rohovchenko)
  [222/646] Downloaded nl/utrecht.webp (by Martin Woortman)
  [223/646] Downloaded nl/the-hague.webp (by Alix Greenman)
  [224/646] Downloaded be/brussels.webp (by Jen Shin)
  [225/646] Downloaded be/bruges.webp (by Sergey Sukhov)
  [226/646] Downloaded be/ghent.webp (by Anna Nielsen)
  [227/646] Downloaded be/antwerp.webp (by Joemi Brazier)
  [228/646] Downloaded at/vienna.webp (by Joshi Milestoner)
  [229/646] Downloaded at/salzburg.webp (by Kiaan Castillo)
  [230/646] Downloaded at/innsbruck.webp (by Michelangelo Azzariti)
  [231/646] Downloaded at/graz.webp (by Simone Vidon)
  [232/646] Downloaded at/hallstatt.webp (by Ivan Rohovchenko)
  [233/646] Downloaded ch/zurich.webp (by Bryan Dijkhuizen)
  [234/646] Downloaded ch/geneva.webp (by Bryan Dijkhuizen)
  [235/646] Downloaded ch/lucerne.webp (by Aswathy N)
  [236/646] Downloaded ch/interlaken.webp (by Spenser Sembrat)
  [237/646] Downloaded ch/bern.webp (by Emmanuel Acua)
  [238/646] Downloaded ch/zermatt.webp (by Bryan Dijkhuizen)
  [239/646] Downloaded ch/basel.webp (by Johnson Hung)
  [240/646] Downloaded ch/lausanne.webp (by Patrick William)
  [241/646] Downloaded ie/dublin.webp (by Iffah Suhaili)
  [242/646] Downloaded ie/galway.webp (by Brad Kelly)
  [243/646] Downloaded ie/cork.webp (by Ellen Capener)
  [244/646] Downloaded ie/killarney.webp (by Alona Aldushyna)
  [245/646] Downloaded pt/lisbon.webp (by Aidan Hancock)

  Batch 5 complete (49 requests).
  Manifest saved (245 entries).

  Waiting 62 minutes for rate limit reset...
  Will resume at 21:12:04.
  (Safe to Ctrl+C — progress is saved. Re-run to continue.)

  Rate limit window reset. Continuing...

  [246/646] Downloaded pt/porto.webp (by Tayan Lima)
  [247/646] Downloaded pt/faro.webp (by Debabrata Dash)
  [248/646] Downloaded pt/sintra.webp (by Denys Sudilkovsky)
  [249/646] Downloaded pt/madeira.webp (by Luís Cardoso)
  [250/646] Downloaded pt/azores.webp (by Tiago Miguel Pereira)
  [251/646] Downloaded pt/coimbra.webp (by Evgeniy Beloshytskiy)
  [252/646] Downloaded pt/lagos.webp (by Daniela)
  [253/646] Downloaded lu/luxembourg-city.webp (by Marc Blue)
  [254/646] Downloaded mc/monaco.webp (by Brendan Chen)
  [255/646] Downloaded ad/andorra-la-vella.webp (by Matt Brown)
  [256/646] Downloaded li/liechtenstein.webp (by Henrique Ferreira)
  [257/646] Downloaded dk/copenhagen.webp (by Ava Coploff)
  [258/646] Downloaded dk/aarhus.webp (by Irina Grotkjaer)
  [259/646] Downloaded se/stockholm.webp (by Sourav Bhaduri)
  [260/646] Downloaded se/gothenburg.webp (by Rach Teo)
  [261/646] Downloaded se/malmo.webp (by Felix Hoffmann)
  [262/646] Downloaded no/oslo.webp (by Darya Tryfanava)
  [263/646] Downloaded no/bergen.webp (by Zuoranyi)
  [264/646] Downloaded no/tromso.webp (by Rémy Penet)
  [265/646] Downloaded no/stavanger.webp (by Eloy Martinez)
  [266/646] Downloaded no/lofoten.webp (by Dylan Shaw)
  [267/646] Downloaded fi/helsinki.webp (by Federico Mata)
  [268/646] Downloaded fi/rovaniemi.webp (by Dylan Shaw)
  [269/646] Downloaded fi/turku.webp (by Jamo Images)
  [270/646] Downloaded is/reykjavik.webp (by Tim Trad)
  [271/646] Downloaded is/akureyri.webp (by Julian Villella)
  [272/646] Downloaded fo/faroe-islands.webp (by Michael Jerrard)
  [273/646] Downloaded ee/tallinn.webp (by Piergiovanni Di Blasi)
  [274/646] Downloaded ee/tartu.webp (by Jaanus Jagomägi)
  [275/646] Downloaded lv/riga.webp (by Kotryna Juskaite)
  [276/646] Downloaded lt/vilnius.webp (by Hans-Joachim Kaiser)
  [277/646] Downloaded lt/kaunas.webp (by Marius Karotkis)
  [278/646] Downloaded cz/prague.webp (by Alexandra Tran)
  [279/646] Downloaded cz/cesky-krumlov.webp (by Ivan Theodoulou)
  [280/646] Downloaded cz/brno.webp (by Leonhard Niederwimmer)
  [281/646] Downloaded hu/budapest.webp (by Lachlan Gowen)
  [282/646] Downloaded pl/warsaw.webp (by Federico Mata)
  [283/646] Downloaded pl/krakow.webp (by Debabrata Dash)
  [284/646] Downloaded pl/gdansk.webp (by Szymon)
  [285/646] Downloaded pl/wroclaw.webp (by Kaan Yener)
  [286/646] Downloaded pl/poznan.webp (by Jakub Żerdzicki)
  [287/646] Downloaded ro/bucharest.webp (by Grafi Jeremiah)
  [288/646] Downloaded ro/cluj-napoca.webp (by Val Vesa)
  [289/646] Downloaded ro/brasov.webp (by Michelangelo Azzariti)
  [290/646] Downloaded ro/sibiu.webp (by Paladuta Stefan)
  [291/646] Downloaded bg/sofia.webp (by JOGphotos)
  [292/646] Downloaded bg/plovdiv.webp (by Ivaylo Nikolov)
  [293/646] Downloaded rs/belgrade.webp (by Mihail Ilchov)
  [294/646] Downloaded rs/novi-sad.webp (by K8)

  Batch 6 complete (49 requests).
  Manifest saved (294 entries).

  Waiting 62 minutes for rate limit reset...
  Will resume at 22:17:30.
  (Safe to Ctrl+C — progress is saved. Re-run to continue.)

